{
  "0 debug pnpm:scope": {
    "selected": 1
  },
  "1 error pnpm": {
    "code": "ELIFECYCLE",
    "errno": "ENOENT",
    "syscall": "spawn",
    "file": "sh",
    "pkgid": "vite-react-ts-ghactions-template@0.0.0",
    "stage": "dev",
    "script": "vite",
    "pkgname": "vite-react-ts-ghactions-template",
    "err": {
      "name": "pnpm",
      "message": "vite-react-ts-ghactions-template@0.0.0 dev: `vite`\nspawn ENOENT",
      "code": "ELIFECYCLE",
      "stack": "pnpm: vite-react-ts-ghactions-template@0.0.0 dev: `vite`\nspawn ENOENT\n    at ChildProcess.<anonymous> (/usr/local/pnpm-global/5/node_modules/.pnpm/pnpm@6.32.2/node_modules/pnpm/dist/pnpm.cjs:92254:22)\n    at ChildProcess.emit (node:events:390:28)\n    at maybeClose (node:internal/child_process:1062:16)\n    at Process.ChildProcess._handle.onexit (node:internal/child_process:301:5)"
    }
  }
}